<?xml version="1.0" encoding="UTF-8"?>
<!-- Generated by org.testng.reporters.JUnitReportReporter -->
<testsuite name="com.katalyst.ensoul.tests.EnrollWithBenefitsTest" tests="1" time="265.755" ignored="18" failures="0" timestamp="27 Jan 2020 10:45:23 GMT" skipped="0" hostname="SUBHASHA-PC" errors="0">
  <testcase name="ClicktoEnrollWithBenefits" time="265.755" classname="com.katalyst.ensoul.tests.EnrollWithBenefitsTest"/>
  <testcase name="setUp" classname="com.katalyst.base.TestBase">
    <skipped/>
  </testcase> <!-- setUp -->
  <testcase name="setUp" classname="com.katalyst.base.TestBase">
    <skipped/>
  </testcase> <!-- setUp -->
  <testcase name="setUp" classname="com.katalyst.base.TestBase">
    <skipped/>
  </testcase> <!-- setUp -->
  <testcase name="setUp" classname="com.katalyst.base.TestBase">
    <skipped/>
  </testcase> <!-- setUp -->
  <testcase name="setUp" classname="com.katalyst.base.TestBase">
    <skipped/>
  </testcase> <!-- setUp -->
  <testcase name="setUp" classname="com.katalyst.base.TestBase">
    <skipped/>
  </testcase> <!-- setUp -->
  <testcase name="setUp" classname="com.katalyst.base.TestBase">
    <skipped/>
  </testcase> <!-- setUp -->
  <testcase name="setUp" classname="com.katalyst.base.TestBase">
    <skipped/>
  </testcase> <!-- setUp -->
  <testcase name="setUp" classname="com.katalyst.base.TestBase">
    <skipped/>
  </testcase> <!-- setUp -->
  <testcase name="tearDown" classname="com.katalyst.base.TestBase">
    <skipped/>
  </testcase> <!-- tearDown -->
  <testcase name="tearDown" classname="com.katalyst.base.TestBase">
    <skipped/>
  </testcase> <!-- tearDown -->
  <testcase name="tearDown" classname="com.katalyst.base.TestBase">
    <skipped/>
  </testcase> <!-- tearDown -->
  <testcase name="tearDown" classname="com.katalyst.base.TestBase">
    <skipped/>
  </testcase> <!-- tearDown -->
  <testcase name="tearDown" classname="com.katalyst.base.TestBase">
    <skipped/>
  </testcase> <!-- tearDown -->
  <testcase name="tearDown" classname="com.katalyst.base.TestBase">
    <skipped/>
  </testcase> <!-- tearDown -->
  <testcase name="tearDown" classname="com.katalyst.base.TestBase">
    <skipped/>
  </testcase> <!-- tearDown -->
  <testcase name="tearDown" classname="com.katalyst.base.TestBase">
    <skipped/>
  </testcase> <!-- tearDown -->
  <testcase name="tearDown" classname="com.katalyst.base.TestBase">
    <skipped/>
  </testcase> <!-- tearDown -->
</testsuite> <!-- com.katalyst.ensoul.tests.EnrollWithBenefitsTest -->
