<?xml version="1.0" encoding="UTF-8"?>
<!-- Generated by org.testng.reporters.JUnitReportReporter -->
<testsuite name="com.katalyst.ensoul.tests.LoginTest" tests="1" time="7.729" ignored="0" failures="0" timestamp="30 Jan 2020 16:11:28 GMT" skipped="0" hostname="SUBHASHA-PC" errors="0">
  <testcase name="LoginToApplication" time="7.729" classname="com.katalyst.ensoul.tests.LoginTest"/>
</testsuite> <!-- com.katalyst.ensoul.tests.LoginTest -->
